<?xml version="1.0" encoding="UTF-8"?>
<testsuite name="com.shalkevich.writer.FileOutputWriterTest" tests="1" skipped="0" failures="0" errors="0" timestamp="2024-12-07T20:11:36" hostname="LAPTOP-0VMO5VHI" time="0.007">
  <properties/>
  <testcase name="testWriteOutputToFile()" classname="com.shalkevich.writer.FileOutputWriterTest" time="0.007"/>
  <system-out><![CDATA[]]></system-out>
  <system-err><![CDATA[]]></system-err>
</testsuite>
