<?xml version="1.0" encoding="UTF-8"?>
<testsuite name="com.shalkevich.reader.FigureReaderTest" tests="4" skipped="0" failures="0" errors="0" timestamp="2024-12-08T22:46:50" hostname="LAPTOP-0VMO5VHI" time="0.181">
  <properties/>
  <testcase name="testReadFigureInvalidFileFormat()" classname="com.shalkevich.reader.FigureReaderTest" time="0.173"/>
  <testcase name="testReadFigureCircle()" classname="com.shalkevich.reader.FigureReaderTest" time="0.001"/>
  <testcase name="testReadFigureFileNotFound()" classname="com.shalkevich.reader.FigureReaderTest" time="0.001"/>
  <testcase name="testReadAndProcessFigure()" classname="com.shalkevich.reader.FigureReaderTest" time="0.003"/>
  <system-out><![CDATA[]]></system-out>
  <system-err><![CDATA[]]></system-err>
</testsuite>
