<?xml version="1.0" encoding="UTF-8"?>
<testsuite name="com.shalkevich.factory.FigureFactoryTest" tests="5" skipped="0" failures="0" errors="0" timestamp="2024-12-08T22:46:50" hostname="LAPTOP-0VMO5VHI" time="0.01">
  <properties/>
  <testcase name="testCreateRectangle()" classname="com.shalkevich.factory.FigureFactoryTest" time="0.002"/>
  <testcase name="testCreateFigureWithInvalidType()" classname="com.shalkevich.factory.FigureFactoryTest" time="0.001"/>
  <testcase name="testCreateFigureWithInvalidParameters()" classname="com.shalkevich.factory.FigureFactoryTest" time="0.002"/>
  <testcase name="testCreateTriangle()" classname="com.shalkevich.factory.FigureFactoryTest" time="0.001"/>
  <testcase name="testCreateCircle()" classname="com.shalkevich.factory.FigureFactoryTest" time="0.001"/>
  <system-out><![CDATA[]]></system-out>
  <system-err><![CDATA[]]></system-err>
</testsuite>
