<?xml version="1.0" encoding="UTF-8"?>
<testsuite name="com.shalkevich.figures.CircleTest" tests="1" skipped="0" failures="0" errors="0" timestamp="2024-12-08T22:46:50" hostname="LAPTOP-0VMO5VHI" time="0.0">
  <properties/>
  <testcase name="testCircleCreationAndProperties()" classname="com.shalkevich.figures.CircleTest" time="0.0"/>
  <system-out><![CDATA[]]></system-out>
  <system-err><![CDATA[]]></system-err>
</testsuite>
